<?xml version="1.0" encoding="UTF-8"?>
<!-- Generated by org.testng.reporters.JUnitReportReporter -->
<testsuite skipped="0" hostname="LAPTOP-P7KUTMDR" name="com.flipkart.tests.VerifyInfoProducSearchVsCartScreens" tests="1" failures="0" timestamp="11 Nov 2019 15:32:27 GMT" time="65.935" errors="0">
  <testcase name="testVerifyInfoProducSearchVsCartScreens" time="65.935" classname="com.flipkart.tests.VerifyInfoProducSearchVsCartScreens"/>
</testsuite> <!-- com.flipkart.tests.VerifyInfoProducSearchVsCartScreens -->
