<?xml version="1.0" encoding="UTF-8"?>
<!-- Generated by org.testng.reporters.JUnitReportReporter -->
<testsuite skipped="0" hostname="LAPTOP-P7KUTMDR" name="com.flipkart.tests.FlipkartLogin" tests="1" failures="0" timestamp="06 Nov 2019 10:19:45 GMT" time="23.471" errors="0">
  <testcase name="testFlipKartLogin" time="23.471" classname="com.flipkart.tests.FlipkartLogin"/>
</testsuite> <!-- com.flipkart.tests.FlipkartLogin -->
