<?xml version="1.0" encoding="UTF-8"?>
<!-- Generated by org.testng.reporters.JUnitReportReporter -->
<testsuite skipped="0" hostname="LAPTOP-P7KUTMDR" name="com.flipkart.tests.AddCameraToCart" tests="1" failures="0" timestamp="08 Nov 2019 07:03:13 GMT" time="74.179" errors="0">
  <testcase name="testAddCameraToCart" time="74.179" classname="com.flipkart.tests.AddCameraToCart"/>
</testsuite> <!-- com.flipkart.tests.AddCameraToCart -->
