<?xml version="1.0" encoding="UTF-8"?>
<!-- Generated by org.testng.reporters.JUnitReportReporter -->
<testsuite skipped="0" hostname="LAPTOP-P7KUTMDR" name="com.flipkart.tests.login" tests="1" failures="0" timestamp="07 Nov 2019 07:37:05 GMT" time="27.037" errors="0">
  <testcase name="Demo" time="27.037" classname="com.flipkart.tests.login"/>
</testsuite> <!-- com.flipkart.tests.login -->
